Copyright 1986-2018 Xilinx, Inc. All Rights Reserved.
--------------------------------------------------------------------------------------------------------------------------------------------------------------------------------------------
| Tool Version : Vivado v.2018.2.1 (win64) Build 2288692 Thu Jul 26 18:24:02 MDT 2018
| Date         : Thu May 27 18:35:18 2021
| Host         : LAPTOP-AOEJJ8SU running 64-bit major release  (build 9200)
| Command      : report_methodology -file dvlsi2021_lab5_top_methodology_drc_routed.rpt -pb dvlsi2021_lab5_top_methodology_drc_routed.pb -rpx dvlsi2021_lab5_top_methodology_drc_routed.rpx
| Design       : dvlsi2021_lab5_top
| Device       : xc7z010clg400-1
| Speed File   : -1
| Design State : Routed
--------------------------------------------------------------------------------------------------------------------------------------------------------------------------------------------

Report Methodology

Table of Contents
-----------------
1. REPORT SUMMARY
2. REPORT DETAILS

1. REPORT SUMMARY
-----------------
            Netlist: netlist
          Floorplan: design_1
      Design limits: <entire design considered>
             Max violations: <unlimited>
             Violations found: 0
+------+----------+-------------+------------+
| Rule | Severity | Description | Violations |
+------+----------+-------------+------------+
+------+----------+-------------+------------+

2. REPORT DETAILS
-----------------

